2025-02-08 15:08:00 | DEBUG | repo=arquillian-phantom-driver | action=test | passed=true
2025-11-09 20:15:00 | WARN | repo=arquillian-phantom-driver | action=commit
2025-09-12 21:59:00 | DEBUG | repo=arquillian-phantom-driver | action=edit | files=1
2025-11-13 19:02:00 | WARN | repo=arquillian-phantom-driver | action=commit
2025-05-26 12:28:00 | INFO | repo=arquillian-phantom-driver | action=edit | files=1
2025-06-24 19:08:00 | DEBUG | repo=arquillian-phantom-driver | action=commit
2025-04-14 10:15:00 | WARN | repo=arquillian-phantom-driver | action=commit
2025-05-13 18:19:00 | INFO | repo=arquillian-phantom-driver | action=commit
2025-12-22 21:34:00 | DEBUG | repo=arquillian-phantom-driver | action=commit
2025-07-28 09:39:00 | WARN | repo=arquillian-phantom-driver | action=test | passed=true
2025-09-27 17:43:00 | WARN | repo=arquillian-phantom-driver | action=commit
2025-03-13 13:55:00 | DEBUG | repo=arquillian-phantom-driver | action=commit
2025-12-19 18:40:00 | WARN | repo=arquillian-phantom-driver | action=commit
2025-02-06 18:26:00 | DEBUG | repo=arquillian-phantom-driver | action=commit
2025-01-27 19:52:00 | INFO | repo=arquillian-phantom-driver | action=commit
2025-09-01 18:45:00 | WARN | repo=arquillian-phantom-driver | action=commit
2025-01-10 15:54:00 | INFO | repo=arquillian-phantom-driver | action=commit
2025-06-02 11:26:00 | WARN | repo=arquillian-phantom-driver | action=commit
2025-08-26 18:22:00 | INFO | repo=arquillian-phantom-driver | action=test | passed=true
2025-09-01 11:41:00 | DEBUG | repo=arquillian-phantom-driver | action=commit
2025-06-01 18:33:00 | WARN | repo=arquillian-phantom-driver | action=edit | files=5
2025-01-09 10:17:00 | INFO | repo=arquillian-phantom-driver | action=commit
2025-12-10 12:47:00 | DEBUG | repo=arquillian-phantom-driver | action=commit
